<?xml version="1.0" encoding="UTF-8"?>
<coverage generated="1634025857918" clover="3.2.0">
  <project timestamp="1634025857918" name="All files">
    <metrics statements="35" coveredstatements="29" conditionals="28" coveredconditionals="19" methods="7" coveredmethods="3" elements="70" coveredelements="51" complexity="0" loc="35" ncloc="35" packages="4" files="6" classes="6"/>
    <package name="config">
      <metrics statements="21" coveredstatements="21" conditionals="24" coveredconditionals="16" methods="0" coveredmethods="0"/>
      <file name="config.ts" path="/home/yusuke/app/PasswordManager/server/src/config/config.ts">
        <metrics statements="20" coveredstatements="20" conditionals="24" coveredconditionals="16" methods="0" coveredmethods="0"/>
        <line num="2" count="1" type="stmt"/>
        <line num="5" count="1" type="cond" truecount="1" falsecount="1"/>
        <line num="6" count="1" type="cond" truecount="1" falsecount="1"/>
        <line num="9" count="1" type="cond" truecount="2" falsecount="0"/>
        <line num="10" count="1" type="cond" truecount="2" falsecount="0"/>
        <line num="12" count="1" type="stmt"/>
        <line num="13" count="1" type="stmt"/>
        <line num="22" count="1" type="cond" truecount="1" falsecount="1"/>
        <line num="24" count="1" type="stmt"/>
        <line num="29" count="1" type="cond" truecount="2" falsecount="0"/>
        <line num="30" count="1" type="cond" truecount="1" falsecount="1"/>
        <line num="31" count="1" type="cond" truecount="1" falsecount="1"/>
        <line num="32" count="1" type="cond" truecount="2" falsecount="0"/>
        <line num="34" count="1" type="stmt"/>
        <line num="42" count="1" type="cond" truecount="1" falsecount="1"/>
        <line num="43" count="1" type="cond" truecount="1" falsecount="1"/>
        <line num="45" count="1" type="stmt"/>
        <line num="51" count="1" type="cond" truecount="1" falsecount="1"/>
        <line num="52" count="1" type="stmt"/>
        <line num="56" count="1" type="stmt"/>
      </file>
      <file name="db.ts" path="/home/yusuke/app/PasswordManager/server/src/config/db.ts">
        <metrics statements="1" coveredstatements="1" conditionals="0" coveredconditionals="0" methods="0" coveredmethods="0"/>
        <line num="4" count="1" type="stmt"/>
      </file>
    </package>
    <package name="controllers.crypto">
      <metrics statements="8" coveredstatements="5" conditionals="4" coveredconditionals="3" methods="3" coveredmethods="2"/>
      <file name="crypt.ts" path="/home/yusuke/app/PasswordManager/server/src/controllers/crypto/crypt.ts">
        <metrics statements="8" coveredstatements="5" conditionals="4" coveredconditionals="3" methods="3" coveredmethods="2"/>
        <line num="6" count="4" type="cond" truecount="2" falsecount="0"/>
        <line num="7" count="3" type="stmt"/>
        <line num="11" count="1" type="cond" truecount="1" falsecount="1"/>
        <line num="12" count="1" type="stmt"/>
        <line num="13" count="1" type="stmt"/>
        <line num="17" count="0" type="stmt"/>
        <line num="18" count="0" type="stmt"/>
        <line num="20" count="0" type="stmt"/>
      </file>
    </package>
    <package name="controllers.queries">
      <metrics statements="4" coveredstatements="1" conditionals="0" coveredconditionals="0" methods="4" coveredmethods="1"/>
      <file name="privateInfoQueries.ts" path="/home/yusuke/app/PasswordManager/server/src/controllers/queries/privateInfoQueries.ts">
        <metrics statements="4" coveredstatements="1" conditionals="0" coveredconditionals="0" methods="4" coveredmethods="1"/>
        <line num="7" count="0" type="stmt"/>
        <line num="12" count="0" type="stmt"/>
        <line num="17" count="4" type="stmt"/>
        <line num="22" count="0" type="stmt"/>
      </file>
    </package>
    <package name="test.db.testData">
      <metrics statements="2" coveredstatements="2" conditionals="0" coveredconditionals="0" methods="0" coveredmethods="0"/>
      <file name="privateinfo.ts" path="/home/yusuke/app/PasswordManager/server/src/test/db/testData/privateinfo.ts">
        <metrics statements="1" coveredstatements="1" conditionals="0" coveredconditionals="0" methods="0" coveredmethods="0"/>
        <line num="4" count="1" type="stmt"/>
      </file>
      <file name="user.ts" path="/home/yusuke/app/PasswordManager/server/src/test/db/testData/user.ts">
        <metrics statements="1" coveredstatements="1" conditionals="0" coveredconditionals="0" methods="0" coveredmethods="0"/>
        <line num="3" count="1" type="stmt"/>
      </file>
    </package>
  </project>
</coverage>
