{"/home/yusuke/app/PasswordManager/server/src/config/config.ts": {"path":"/home/yusuke/app/PasswordManager/server/src/config/config.ts","statementMap":{"0":{"start":{"line":2,"column":0},"end":{"line":2,"column":16}},"1":{"start":{"line":5,"column":27},"end":{"line":5,"column":87}},"2":{"start":{"line":6,"column":35},"end":{"line":6,"column":103}},"3":{"start":{"line":9,"column":39},"end":{"line":9,"column":89}},"4":{"start":{"line":10,"column":47},"end":{"line":10,"column":104}},"5":{"start":{"line":12,"column":47},"end":{"line":12,"column":70}},"6":{"start":{"line":13,"column":14},"end":{"line":19,"column":1}},"7":{"start":{"line":22,"column":28},"end":{"line":22,"column":54}},"8":{"start":{"line":24,"column":15},"end":{"line":26,"column":1}},"9":{"start":{"line":29,"column":24},"end":{"line":29,"column":58}},"10":{"start":{"line":30,"column":24},"end":{"line":30,"column":53}},"11":{"start":{"line":31,"column":40},"end":{"line":31,"column":76}},"12":{"start":{"line":32,"column":26},"end":{"line":32,"column":67}},"13":{"start":{"line":34,"column":17},"end":{"line":39,"column":1}},"14":{"start":{"line":42,"column":27},"end":{"line":42,"column":68}},"15":{"start":{"line":43,"column":27},"end":{"line":43,"column":64}},"16":{"start":{"line":45,"column":14},"end":{"line":48,"column":1}},"17":{"start":{"line":51,"column":29},"end":{"line":51,"column":79}},"18":{"start":{"line":52,"column":15},"end":{"line":54,"column":1}},"19":{"start":{"line":56,"column":15},"end":{"line":62,"column":1}}},"fnMap":{},"branchMap":{"0":{"loc":{"start":{"line":5,"column":27},"end":{"line":5,"column":87}},"type":"binary-expr","locations":[{"start":{"line":5,"column":27},"end":{"line":5,"column":63}},{"start":{"line":5,"column":67},"end":{"line":5,"column":87}}],"line":5},"1":{"loc":{"start":{"line":6,"column":35},"end":{"line":6,"column":103}},"type":"binary-expr","locations":[{"start":{"line":6,"column":35},"end":{"line":6,"column":79}},{"start":{"line":6,"column":83},"end":{"line":6,"column":103}}],"line":6},"2":{"loc":{"start":{"line":9,"column":39},"end":{"line":9,"column":89}},"type":"binary-expr","locations":[{"start":{"line":9,"column":39},"end":{"line":9,"column":80}},{"start":{"line":9,"column":84},"end":{"line":9,"column":89}}],"line":9},"3":{"loc":{"start":{"line":10,"column":47},"end":{"line":10,"column":104}},"type":"binary-expr","locations":[{"start":{"line":10,"column":47},"end":{"line":10,"column":96}},{"start":{"line":10,"column":100},"end":{"line":10,"column":104}}],"line":10},"4":{"loc":{"start":{"line":22,"column":28},"end":{"line":22,"column":54}},"type":"binary-expr","locations":[{"start":{"line":22,"column":28},"end":{"line":22,"column":44}},{"start":{"line":22,"column":48},"end":{"line":22,"column":54}}],"line":22},"5":{"loc":{"start":{"line":29,"column":24},"end":{"line":29,"column":58}},"type":"binary-expr","locations":[{"start":{"line":29,"column":24},"end":{"line":29,"column":43}},{"start":{"line":29,"column":47},"end":{"line":29,"column":58}}],"line":29},"6":{"loc":{"start":{"line":30,"column":24},"end":{"line":30,"column":53}},"type":"binary-expr","locations":[{"start":{"line":30,"column":24},"end":{"line":30,"column":43}},{"start":{"line":30,"column":47},"end":{"line":30,"column":53}}],"line":30},"7":{"loc":{"start":{"line":31,"column":40},"end":{"line":31,"column":76}},"type":"binary-expr","locations":[{"start":{"line":31,"column":40},"end":{"line":31,"column":63}},{"start":{"line":31,"column":67},"end":{"line":31,"column":76}}],"line":31},"8":{"loc":{"start":{"line":32,"column":26},"end":{"line":32,"column":67}},"type":"binary-expr","locations":[{"start":{"line":32,"column":26},"end":{"line":32,"column":46}},{"start":{"line":32,"column":50},"end":{"line":32,"column":67}}],"line":32},"9":{"loc":{"start":{"line":42,"column":27},"end":{"line":42,"column":68}},"type":"binary-expr","locations":[{"start":{"line":42,"column":27},"end":{"line":42,"column":60}},{"start":{"line":42,"column":64},"end":{"line":42,"column":68}}],"line":42},"10":{"loc":{"start":{"line":43,"column":27},"end":{"line":43,"column":64}},"type":"binary-expr","locations":[{"start":{"line":43,"column":27},"end":{"line":43,"column":49}},{"start":{"line":43,"column":53},"end":{"line":43,"column":64}}],"line":43},"11":{"loc":{"start":{"line":51,"column":29},"end":{"line":51,"column":79}},"type":"binary-expr","locations":[{"start":{"line":51,"column":29},"end":{"line":51,"column":57}},{"start":{"line":51,"column":61},"end":{"line":51,"column":79}}],"line":51}},"s":{"0":1,"1":1,"2":1,"3":1,"4":1,"5":1,"6":1,"7":1,"8":1,"9":1,"10":1,"11":1,"12":1,"13":1,"14":1,"15":1,"16":1,"17":1,"18":1,"19":1},"f":{},"b":{"0":[1,0],"1":[1,0],"2":[1,1],"3":[1,1],"4":[1,0],"5":[1,1],"6":[1,0],"7":[1,0],"8":[1,1],"9":[1,0],"10":[1,0],"11":[1,0]},"_coverageSchema":"1a1c01bbd47fc00a2c39e90264f33305004495a9","hash":"1692f9bcfe89eabc76dea3ee6b8f91d2c89bbfdf"}
,"/home/yusuke/app/PasswordManager/server/src/config/db.ts": {"path":"/home/yusuke/app/PasswordManager/server/src/config/db.ts","statementMap":{"0":{"start":{"line":4,"column":11},"end":{"line":9,"column":2}}},"fnMap":{},"branchMap":{},"s":{"0":1},"f":{},"b":{},"_coverageSchema":"1a1c01bbd47fc00a2c39e90264f33305004495a9","hash":"2ab22e8823cb826249b6e184e67bc3fda1549897"}
,"/home/yusuke/app/PasswordManager/server/src/controllers/crypto/crypt.ts": {"path":"/home/yusuke/app/PasswordManager/server/src/controllers/crypto/crypt.ts","statementMap":{"0":{"start":{"line":6,"column":4},"end":{"line":6,"column":31}},"1":{"start":{"line":6,"column":24},"end":{"line":6,"column":31}},"2":{"start":{"line":7,"column":4},"end":{"line":7,"column":83}},"3":{"start":{"line":11,"column":4},"end":{"line":11,"column":40}},"4":{"start":{"line":11,"column":28},"end":{"line":11,"column":40}},"5":{"start":{"line":12,"column":18},"end":{"line":12,"column":82}},"6":{"start":{"line":13,"column":4},"end":{"line":13,"column":45}},"7":{"start":{"line":17,"column":4},"end":{"line":19,"column":5}},"8":{"start":{"line":17,"column":16},"end":{"line":17,"column":17}},"9":{"start":{"line":18,"column":6},"end":{"line":18,"column":78}},"10":{"start":{"line":20,"column":4},"end":{"line":20,"column":27}}},"fnMap":{"0":{"name":"(anonymous_0)","decl":{"start":{"line":5,"column":2},"end":{"line":5,"column":3}},"loc":{"start":{"line":5,"column":66},"end":{"line":8,"column":3}},"line":5},"1":{"name":"(anonymous_1)","decl":{"start":{"line":10,"column":2},"end":{"line":10,"column":3}},"loc":{"start":{"line":10,"column":70},"end":{"line":14,"column":3}},"line":10},"2":{"name":"(anonymous_2)","decl":{"start":{"line":16,"column":2},"end":{"line":16,"column":3}},"loc":{"start":{"line":16,"column":80},"end":{"line":21,"column":3}},"line":16}},"branchMap":{"0":{"loc":{"start":{"line":6,"column":4},"end":{"line":6,"column":31}},"type":"if","locations":[{"start":{"line":6,"column":4},"end":{"line":6,"column":31}},{"start":{"line":6,"column":4},"end":{"line":6,"column":31}}],"line":6},"1":{"loc":{"start":{"line":11,"column":4},"end":{"line":11,"column":40}},"type":"if","locations":[{"start":{"line":11,"column":4},"end":{"line":11,"column":40}},{"start":{"line":11,"column":4},"end":{"line":11,"column":40}}],"line":11}},"s":{"0":4,"1":1,"2":3,"3":1,"4":0,"5":1,"6":1,"7":0,"8":0,"9":0,"10":0},"f":{"0":4,"1":1,"2":0},"b":{"0":[1,3],"1":[0,1]},"_coverageSchema":"1a1c01bbd47fc00a2c39e90264f33305004495a9","hash":"2406caacfc5aebe68b70cff813999475b163832c"}
,"/home/yusuke/app/PasswordManager/server/src/controllers/queries/privateInfoQueries.ts": {"path":"/home/yusuke/app/PasswordManager/server/src/controllers/queries/privateInfoQueries.ts","statementMap":{"0":{"start":{"line":7,"column":4},"end":{"line":7,"column":117}},"1":{"start":{"line":12,"column":4},"end":{"line":12,"column":140}},"2":{"start":{"line":17,"column":4},"end":{"line":17,"column":232}},"3":{"start":{"line":22,"column":4},"end":{"line":22,"column":112}}},"fnMap":{"0":{"name":"(anonymous_0)","decl":{"start":{"line":5,"column":2},"end":{"line":5,"column":3}},"loc":{"start":{"line":5,"column":40},"end":{"line":8,"column":3}},"line":5},"1":{"name":"(anonymous_1)","decl":{"start":{"line":10,"column":2},"end":{"line":10,"column":3}},"loc":{"start":{"line":10,"column":56},"end":{"line":13,"column":3}},"line":10},"2":{"name":"(anonymous_2)","decl":{"start":{"line":15,"column":2},"end":{"line":15,"column":3}},"loc":{"start":{"line":15,"column":69},"end":{"line":18,"column":3}},"line":15},"3":{"name":"(anonymous_3)","decl":{"start":{"line":20,"column":2},"end":{"line":20,"column":3}},"loc":{"start":{"line":20,"column":69},"end":{"line":23,"column":3}},"line":20}},"branchMap":{},"s":{"0":0,"1":0,"2":4,"3":0},"f":{"0":0,"1":0,"2":4,"3":0},"b":{},"_coverageSchema":"1a1c01bbd47fc00a2c39e90264f33305004495a9","hash":"187f90d6cb78207cf15bee96c13825a845e11b4e"}
,"/home/yusuke/app/PasswordManager/server/src/test/db/testData/privateinfo.ts": {"path":"/home/yusuke/app/PasswordManager/server/src/test/db/testData/privateinfo.ts","statementMap":{"0":{"start":{"line":4,"column":2},"end":{"line":26,"column":3}}},"fnMap":{},"branchMap":{},"s":{"0":1},"f":{},"b":{},"_coverageSchema":"1a1c01bbd47fc00a2c39e90264f33305004495a9","hash":"d7c527e7c21b6e15f81e0979ffe6cb6925a116f6"}
,"/home/yusuke/app/PasswordManager/server/src/test/db/testData/user.ts": {"path":"/home/yusuke/app/PasswordManager/server/src/test/db/testData/user.ts","statementMap":{"0":{"start":{"line":3,"column":23},"end":{"line":7,"column":1}}},"fnMap":{},"branchMap":{},"s":{"0":1},"f":{},"b":{},"_coverageSchema":"1a1c01bbd47fc00a2c39e90264f33305004495a9","hash":"e6ba6c8ce09f8829fdf1018b79aa381f3bbf1811"}
}
