TN:
SF:src/config/config.ts
FNF:0
FNH:0
DA:2,1
DA:5,1
DA:6,1
DA:9,1
DA:10,1
DA:12,1
DA:13,1
DA:22,1
DA:24,1
DA:29,1
DA:30,1
DA:31,1
DA:32,1
DA:34,1
DA:42,1
DA:43,1
DA:45,1
DA:51,1
DA:52,1
DA:56,1
LF:20
LH:20
BRDA:5,0,0,1
BRDA:5,0,1,0
BRDA:6,1,0,1
BRDA:6,1,1,0
BRDA:9,2,0,1
BRDA:9,2,1,1
BRDA:10,3,0,1
BRDA:10,3,1,1
BRDA:22,4,0,1
BRDA:22,4,1,0
BRDA:29,5,0,1
BRDA:29,5,1,1
BRDA:30,6,0,1
BRDA:30,6,1,0
BRDA:31,7,0,1
BRDA:31,7,1,0
BRDA:32,8,0,1
BRDA:32,8,1,1
BRDA:42,9,0,1
BRDA:42,9,1,0
BRDA:43,10,0,1
BRDA:43,10,1,0
BRDA:51,11,0,1
BRDA:51,11,1,0
BRF:24
BRH:16
end_of_record
TN:
SF:src/config/db.ts
FNF:0
FNH:0
DA:4,1
LF:1
LH:1
BRF:0
BRH:0
end_of_record
TN:
SF:src/controllers/crypto/crypt.ts
FN:5,(anonymous_0)
FN:10,(anonymous_1)
FN:16,(anonymous_2)
FNF:3
FNH:2
FNDA:4,(anonymous_0)
FNDA:1,(anonymous_1)
FNDA:0,(anonymous_2)
DA:6,4
DA:7,3
DA:11,1
DA:12,1
DA:13,1
DA:17,0
DA:18,0
DA:20,0
LF:8
LH:5
BRDA:6,0,0,1
BRDA:6,0,1,3
BRDA:11,1,0,0
BRDA:11,1,1,1
BRF:4
BRH:3
end_of_record
TN:
SF:src/controllers/queries/privateInfoQueries.ts
FN:5,(anonymous_0)
FN:10,(anonymous_1)
FN:15,(anonymous_2)
FN:20,(anonymous_3)
FNF:4
FNH:1
FNDA:0,(anonymous_0)
FNDA:0,(anonymous_1)
FNDA:4,(anonymous_2)
FNDA:0,(anonymous_3)
DA:7,0
DA:12,0
DA:17,4
DA:22,0
LF:4
LH:1
BRF:0
BRH:0
end_of_record
TN:
SF:src/test/db/testData/privateinfo.ts
FNF:0
FNH:0
DA:4,1
LF:1
LH:1
BRF:0
BRH:0
end_of_record
TN:
SF:src/test/db/testData/user.ts
FNF:0
FNH:0
DA:3,1
LF:1
LH:1
BRF:0
BRH:0
end_of_record
